TN:
SF:E:\zc\GitHub\monitor\src\helpers\utils.js
FN:9,chain
FN:10,(anonymous_1)
FN:30,includes
FN:44,isObjectEqual
FN:51,(anonymous_4)
FN:63,assertDevConsole
FN:70,warn
FN:74,isFunction
FNF:8
FNH:6
FNDA:6,chain
FNDA:2,(anonymous_1)
FNDA:16,includes
FNDA:67,isObjectEqual
FNDA:63,(anonymous_4)
FNDA:0,assertDevConsole
FNDA:0,warn
FNDA:2,isFunction
DA:10,6
DA:12,2
DA:13,1
DA:15,1
DA:18,2
DA:19,5
DA:31,16
DA:32,2
DA:35,14
DA:36,31
DA:37,13
DA:41,1
DA:45,67
DA:46,65
DA:47,65
DA:48,65
DA:49,46
DA:51,19
DA:52,63
DA:53,63
DA:55,63
DA:56,5
DA:58,58
DA:64,0
DA:65,0
DA:71,0
DA:75,2
LF:27
LH:24
BRDA:12,0,0,1
BRDA:12,0,1,1
BRDA:12,1,0,2
BRDA:12,1,1,2
BRDA:19,2,0,5
BRDA:19,2,1,4
BRDA:31,3,0,2
BRDA:31,3,1,14
BRDA:31,4,0,16
BRDA:31,4,1,15
BRDA:36,5,0,13
BRDA:36,5,1,18
BRDA:44,6,0,0
BRDA:44,7,0,1
BRDA:45,8,0,2
BRDA:45,8,1,65
BRDA:45,9,0,67
BRDA:45,9,1,65
BRDA:48,10,0,46
BRDA:48,10,1,19
BRDA:55,11,0,5
BRDA:55,11,1,58
BRDA:55,12,0,63
BRDA:55,12,1,5
BRDA:64,13,0,0
BRDA:64,13,1,0
BRF:26
BRH:23
end_of_record
TN:
SF:E:\zc\GitHub\monitor\src\helpers\info.js
FN:19,(anonymous_0)
FN:40,isSameEEI
FNF:2
FNH:2
FNDA:70,(anonymous_0)
FNDA:57,isSameEEI
DA:20,70
DA:22,58
DA:23,58
DA:24,58
DA:26,58
DA:27,58
DA:28,12
DA:29,12
DA:41,57
LF:9
LH:9
BRDA:19,0,0,0
BRDA:20,1,0,58
BRDA:20,1,1,12
BRDA:22,2,0,58
BRDA:22,2,1,58
BRDA:23,3,0,58
BRDA:23,3,1,58
BRDA:26,4,0,58
BRDA:26,4,1,36
BRDA:27,5,0,58
BRDA:27,5,1,39
BRDA:27,5,2,2
BRDA:28,6,0,12
BRDA:28,6,1,0
BRF:14
BRH:12
end_of_record
TN:
SF:E:\zc\GitHub\monitor\src\reporter\base.js
FN:21,(anonymous_0)
FN:20,(anonymous_1)
FN:24,(anonymous_2)
FNF:3
FNH:1
FNDA:7,(anonymous_0)
FNDA:0,(anonymous_1)
FNDA:0,(anonymous_2)
DA:22,7
DA:25,0
LF:2
LH:1
BRDA:19,0,0,1
BRDA:20,1,0,5
BRF:2
BRH:2
end_of_record
TN:
SF:E:\zc\GitHub\monitor\src\helpers\duplicate.js
FN:16,(anonymous_0)
FN:27,(anonymous_1)
FN:32,setEmptySeat
FN:83,(anonymous_3)
FNF:4
FNH:4
FNDA:16,(anonymous_0)
FNDA:32,(anonymous_1)
FNDA:4,setEmptySeat
FNDA:60,(anonymous_3)
DA:18,16
DA:20,16
DA:28,32
DA:29,31
DA:31,31
DA:33,4
DA:56,31
DA:57,31
DA:58,61
DA:59,61
DA:60,60
DA:61,3
DA:62,3
DA:63,57
DA:64,6
DA:65,6
DA:66,6
DA:69,1
DA:73,31
DA:74,25
DA:75,2
DA:77,23
DA:81,31
DA:84,60
LF:24
LH:24
BRDA:16,0,0,15
BRDA:16,1,0,15
BRDA:28,2,0,1
BRDA:28,2,1,31
BRDA:33,3,0,2
BRDA:33,3,1,2
BRDA:59,4,0,60
BRDA:59,4,1,1
BRDA:60,5,0,3
BRDA:60,5,1,57
BRDA:63,6,0,6
BRDA:63,6,1,51
BRDA:73,7,0,25
BRDA:73,7,1,6
BRDA:74,8,0,2
BRDA:74,8,1,23
BRF:16
BRH:16
end_of_record
TN:
SF:E:\zc\GitHub\monitor\src\collector\base.js
FN:19,(anonymous_0)
FN:25,(anonymous_1)
FN:47,(anonymous_2)
FNF:3
FNH:3
FNDA:14,(anonymous_0)
FNDA:26,(anonymous_1)
FNDA:20,(anonymous_2)
DA:20,14
DA:21,14
DA:23,14
DA:26,26
DA:30,26
DA:32,19
DA:34,19
DA:36,19
DA:37,18
DA:48,20
LF:10
LH:10
BRDA:19,0,0,1
BRDA:25,1,0,9
BRDA:30,2,0,19
BRDA:30,2,1,7
BRDA:30,3,0,26
BRDA:30,3,1,21
BRDA:34,4,0,19
BRDA:34,4,1,1
BRDA:36,5,0,18
BRF:9
BRH:9
end_of_record
TN:
SF:E:\zc\GitHub\monitor\src\collector\globalErrorCollector.js
FN:13,(anonymous_0)
FN:18,(anonymous_1)
FN:28,(anonymous_2)
FN:55,(anonymous_3)
FN:76,(anonymous_4)
FN:86,isCatchSourceElm
FN:90,collectSourceElmInfo
FNF:7
FNH:6
FNDA:4,(anonymous_0)
FNDA:4,(anonymous_1)
FNDA:0,(anonymous_2)
FNDA:6,(anonymous_3)
FNDA:3,(anonymous_4)
FNDA:6,isCatchSourceElm
FNDA:4,collectSourceElmInfo
DA:9,3
DA:14,4
DA:15,4
DA:16,4
DA:26,4
DA:27,4
DA:29,0
DA:52,4
DA:53,4
DA:56,6
DA:57,6
DA:58,4
DA:59,4
DA:75,4
DA:76,4
DA:78,3
DA:87,6
DA:91,4
DA:92,4
DA:93,2
DA:94,2
DA:95,2
DA:97,4
LF:23
LH:22
BRDA:13,0,0,3
BRDA:15,1,0,4
BRDA:15,1,1,3
BRDA:26,2,0,4
BRDA:40,3,0,4
BRDA:40,3,1,4
BRDA:52,4,0,4
BRDA:57,5,0,4
BRDA:57,5,1,2
BRDA:75,6,0,4
BRDA:87,7,0,6
BRDA:87,7,1,4
BRDA:92,8,0,2
BRDA:92,8,1,2
BRDA:94,9,0,2
BRDA:94,9,1,0
BRF:16
BRH:15
end_of_record
TN:
SF:E:\zc\GitHub\monitor\src\collector\logCollector.js
FN:15,(anonymous_0)
FN:24,(anonymous_1)
FN:31,(anonymous_2)
FN:38,(anonymous_3)
FN:45,(anonymous_4)
FN:52,(anonymous_5)
FN:55,(anonymous_6)
FN:58,(anonymous_7)
FN:61,(anonymous_8)
FNF:9
FNH:9
FNDA:3,(anonymous_0)
FNDA:4,(anonymous_1)
FNDA:4,(anonymous_2)
FNDA:4,(anonymous_3)
FNDA:4,(anonymous_4)
FNDA:5,(anonymous_5)
FNDA:5,(anonymous_6)
FNDA:5,(anonymous_7)
FNDA:5,(anonymous_8)
DA:11,3
DA:16,3
DA:17,3
DA:25,4
DA:26,4
DA:27,1
DA:32,4
DA:33,4
DA:34,2
DA:39,4
DA:40,4
DA:41,3
DA:46,4
DA:47,4
DA:48,4
DA:53,5
DA:56,5
DA:59,5
DA:62,5
LF:19
LH:19
BRDA:15,0,0,1
BRDA:17,1,0,3
BRDA:17,1,1,1
BRDA:26,2,0,1
BRDA:26,2,1,3
BRDA:33,3,0,2
BRDA:33,3,1,2
BRDA:40,4,0,3
BRDA:40,4,1,1
BRDA:47,5,0,4
BRDA:47,5,1,0
BRF:11
BRH:10
end_of_record
TN:
SF:E:\zc\GitHub\monitor\src\collector\performanceCollector.js
FN:42,(anonymous_0)
FN:46,(anonymous_1)
FN:47,(anonymous_2)
FNF:3
FNH:3
FNDA:3,(anonymous_0)
FNDA:3,(anonymous_1)
FNDA:3,(anonymous_2)
DA:39,3
DA:43,3
DA:44,3
DA:47,3
DA:48,3
DA:61,3
DA:62,3
LF:7
LH:7
BRDA:54,0,0,3
BRDA:54,0,1,3
BRDA:55,1,0,3
BRDA:55,1,1,3
BRDA:61,2,0,3
BRF:5
BRH:5
end_of_record
TN:
SF:E:\zc\GitHub\monitor\src\reporter\fileReporter.js
FN:32,(anonymous_0)
FN:42,(anonymous_1)
FN:81,(anonymous_2)
FN:109,(anonymous_3)
FN:119,(anonymous_4)
FN:125,(anonymous_5)
FN:132,(anonymous_6)
FN:137,(anonymous_7)
FN:149,(anonymous_8)
FN:152,(anonymous_9)
FNF:10
FNH:10
FNDA:6,(anonymous_0)
FNDA:7,(anonymous_1)
FNDA:16,(anonymous_2)
FNDA:6,(anonymous_3)
FNDA:1,(anonymous_4)
FNDA:1,(anonymous_5)
FNDA:1,(anonymous_6)
FNDA:2,(anonymous_7)
FNDA:4,(anonymous_8)
FNDA:1,(anonymous_9)
DA:17,2
DA:33,6
DA:34,6
DA:36,6
DA:37,6
DA:39,6
DA:43,7
DA:44,7
DA:71,6
DA:73,6
DA:82,16
DA:83,16
DA:84,16
DA:86,1792
DA:88,1792
DA:89,1780
DA:90,12
DA:91,3
DA:92,9
DA:93,9
DA:94,0
DA:95,0
DA:106,16
DA:110,6
DA:111,6
DA:112,1
DA:114,6
DA:115,6
DA:116,6
DA:120,1
DA:121,1
DA:122,1
DA:126,1
DA:129,1
DA:133,1
DA:134,1
DA:139,2
DA:144,2
DA:150,4
DA:153,1
LF:40
LH:38
BRDA:24,0,0,4
BRDA:26,1,0,4
BRDA:27,2,0,6
BRDA:44,3,0,1
BRDA:44,3,1,6
BRDA:44,4,0,7
BRDA:44,4,1,6
BRDA:88,5,0,1780
BRDA:88,5,1,12
BRDA:90,6,0,3
BRDA:90,6,1,9
BRDA:92,7,0,9
BRDA:92,7,1,0
BRDA:94,8,0,0
BRDA:94,8,1,0
BRDA:111,9,0,1
BRDA:111,9,1,5
BRDA:126,10,0,1
BRDA:126,10,1,1
BRDA:126,10,2,1
BRDA:133,11,0,1
BRDA:133,11,1,1
BRDA:139,12,0,0
BRDA:139,12,1,2
BRDA:141,13,0,2
BRDA:141,13,1,0
BRDA:144,14,0,2
BRDA:144,14,1,2
BRF:28
BRH:23
end_of_record
TN:
SF:E:\zc\GitHub\monitor\src\index.js
FN:16,Monitor
FNF:1
FNH:1
FNDA:1,Monitor
DA:10,1
DA:17,1
DA:18,1
DA:19,1
DA:22,1
DA:24,1
DA:25,1
DA:26,1
DA:27,1
DA:29,1
DA:30,1
LF:11
LH:11
BRDA:12,0,0,0
BRF:1
BRH:0
end_of_record
